2024-11-24 14:27:08,018 - DEBUG - toplevel widget is CalendarWindow
2024-11-24 14:27:08,018 - DEBUG - setting property geometry
2024-11-24 14:27:08,018 - DEBUG - setting property windowTitle
2024-11-24 14:27:08,018 - DEBUG - push CalendarWindow MainWindow
2024-11-24 14:27:08,018 - DEBUG - push QWidget centralwidget
2024-11-24 14:27:08,018 - DEBUG - setting property pyuicMargins
2024-11-24 14:27:08,018 - DEBUG - push QGridLayout gridLayout
2024-11-24 14:27:08,078 - DEBUG - setting property enabled
2024-11-24 14:27:08,078 - DEBUG - setting property maximumSize
2024-11-24 14:27:08,078 - DEBUG - setting property font
2024-11-24 14:27:08,078 - DEBUG - setting property styleSheet
2024-11-24 14:27:08,078 - DEBUG - push QCalendarWidget calendarWidget
2024-11-24 14:27:08,109 - DEBUG - pop widget QCalendarWidget calendarWidget
2024-11-24 14:27:08,109 - DEBUG - new topwidget <PyQt6.QtWidgets.QWidget object at 0x000002046CFEB640>
2024-11-24 14:27:08,109 - DEBUG - pop layout QGridLayout gridLayout
2024-11-24 14:27:08,109 - DEBUG - pop widget QWidget centralwidget
2024-11-24 14:27:08,109 - DEBUG - new topwidget <__main__.CalendarWindow object at 0x000002046CFEB400>
2024-11-24 14:27:08,109 - DEBUG - setting property text
2024-11-24 14:27:08,109 - DEBUG - setting property text
2024-11-24 14:27:08,109 - DEBUG - setting property text
2024-11-24 14:27:08,109 - DEBUG - setting property text
2024-11-24 14:27:08,109 - DEBUG - pop widget CalendarWindow MainWindow
2024-11-24 14:27:08,109 - DEBUG - new topwidget None
2024-11-24 14:27:11,498 - DEBUG - toplevel widget is TasksWindow
2024-11-24 14:27:11,498 - DEBUG - setting property geometry
2024-11-24 14:27:11,498 - DEBUG - setting property windowTitle
2024-11-24 14:27:11,498 - DEBUG - push TasksWindow Form
2024-11-24 14:27:11,498 - DEBUG - setting property geometry
2024-11-24 14:27:11,498 - DEBUG - setting property text
2024-11-24 14:27:11,498 - DEBUG - push QPushButton add_task
2024-11-24 14:27:11,498 - DEBUG - pop widget QPushButton add_task
2024-11-24 14:27:11,498 - DEBUG - new topwidget <__main__.TasksWindow object at 0x000002046CFEB910>
2024-11-24 14:27:11,498 - DEBUG - setting property geometry
2024-11-24 14:27:11,498 - DEBUG - setting property text
2024-11-24 14:27:11,498 - DEBUG - push QPushButton complete_tasks_button
2024-11-24 14:27:11,498 - DEBUG - pop widget QPushButton complete_tasks_button
2024-11-24 14:27:11,498 - DEBUG - new topwidget <__main__.TasksWindow object at 0x000002046CFEB910>
2024-11-24 14:27:11,498 - DEBUG - setting property geometry
2024-11-24 14:27:11,498 - DEBUG - setting property text
2024-11-24 14:27:11,498 - DEBUG - push QPushButton done_task
2024-11-24 14:27:11,498 - DEBUG - pop widget QPushButton done_task
2024-11-24 14:27:11,498 - DEBUG - new topwidget <__main__.TasksWindow object at 0x000002046CFEB910>
2024-11-24 14:27:11,498 - DEBUG - setting property geometry
2024-11-24 14:27:11,498 - DEBUG - setting property text
2024-11-24 14:27:11,498 - DEBUG - push QPushButton delete_task
2024-11-24 14:27:11,498 - DEBUG - pop widget QPushButton delete_task
2024-11-24 14:27:11,498 - DEBUG - new topwidget <__main__.TasksWindow object at 0x000002046CFEB910>
2024-11-24 14:27:11,498 - DEBUG - setting property geometry
2024-11-24 14:27:11,498 - DEBUG - push QListWidget taskListWidget
2024-11-24 14:27:11,498 - DEBUG - pop widget QListWidget taskListWidget
2024-11-24 14:27:11,498 - DEBUG - new topwidget <__main__.TasksWindow object at 0x000002046CFEB910>
2024-11-24 14:27:11,498 - DEBUG - setting property geometry
2024-11-24 14:27:11,498 - DEBUG - setting property text
2024-11-24 14:27:11,498 - DEBUG - push QPushButton redact_tasks
2024-11-24 14:27:11,498 - DEBUG - pop widget QPushButton redact_tasks
2024-11-24 14:27:11,498 - DEBUG - new topwidget <__main__.TasksWindow object at 0x000002046CFEB910>
2024-11-24 14:27:11,498 - DEBUG - pop widget TasksWindow Form
2024-11-24 14:27:11,498 - DEBUG - new topwidget None
2024-11-24 14:27:21,499 - DEBUG - toplevel widget is Add_tasks
2024-11-24 14:27:21,499 - DEBUG - setting property geometry
2024-11-24 14:27:21,499 - DEBUG - setting property windowTitle
2024-11-24 14:27:21,499 - DEBUG - push Add_tasks Form
2024-11-24 14:27:21,499 - DEBUG - setting property geometry
2024-11-24 14:27:21,499 - DEBUG - setting property text
2024-11-24 14:27:21,499 - DEBUG - push QPushButton apply_task_button
2024-11-24 14:27:21,499 - DEBUG - pop widget QPushButton apply_task_button
2024-11-24 14:27:21,499 - DEBUG - new topwidget <__main__.Add_tasks object at 0x000002046D1F4160>
2024-11-24 14:27:21,499 - DEBUG - setting property geometry
2024-11-24 14:27:21,499 - DEBUG - push QLineEdit task_title_input
2024-11-24 14:27:21,499 - DEBUG - pop widget QLineEdit task_title_input
2024-11-24 14:27:21,499 - DEBUG - new topwidget <__main__.Add_tasks object at 0x000002046D1F4160>
2024-11-24 14:27:21,499 - DEBUG - setting property geometry
2024-11-24 14:27:21,499 - DEBUG - setting property text
2024-11-24 14:27:21,499 - DEBUG - push QLabel name
2024-11-24 14:27:21,499 - DEBUG - pop widget QLabel name
2024-11-24 14:27:21,499 - DEBUG - new topwidget <__main__.Add_tasks object at 0x000002046D1F4160>
2024-11-24 14:27:21,499 - DEBUG - setting property geometry
2024-11-24 14:27:21,499 - DEBUG - setting property text
2024-11-24 14:27:21,499 - DEBUG - push QLabel difficulty
2024-11-24 14:27:21,499 - DEBUG - pop widget QLabel difficulty
2024-11-24 14:27:21,499 - DEBUG - new topwidget <__main__.Add_tasks object at 0x000002046D1F4160>
2024-11-24 14:27:21,499 - DEBUG - setting property geometry
2024-11-24 14:27:21,499 - DEBUG - setting property text
2024-11-24 14:27:21,499 - DEBUG - push QLabel category
2024-11-24 14:27:21,499 - DEBUG - pop widget QLabel category
2024-11-24 14:27:21,499 - DEBUG - new topwidget <__main__.Add_tasks object at 0x000002046D1F4160>
2024-11-24 14:27:21,499 - DEBUG - setting property geometry
2024-11-24 14:27:21,499 - DEBUG - setting property text
2024-11-24 14:27:21,499 - DEBUG - push QLabel complete
2024-11-24 14:27:21,499 - DEBUG - pop widget QLabel complete
2024-11-24 14:27:21,499 - DEBUG - new topwidget <__main__.Add_tasks object at 0x000002046D1F4160>
2024-11-24 14:27:21,499 - DEBUG - setting property geometry
2024-11-24 14:27:21,499 - DEBUG - push QLineEdit category_input
2024-11-24 14:27:21,499 - DEBUG - pop widget QLineEdit category_input
2024-11-24 14:27:21,499 - DEBUG - new topwidget <__main__.Add_tasks object at 0x000002046D1F4160>
2024-11-24 14:27:21,499 - DEBUG - setting property geometry
2024-11-24 14:27:21,499 - DEBUG - setting property styleSheet
2024-11-24 14:27:21,499 - DEBUG - setting property text
2024-11-24 14:27:21,499 - DEBUG - push QLabel priority_circle
2024-11-24 14:27:21,499 - DEBUG - pop widget QLabel priority_circle
2024-11-24 14:27:21,499 - DEBUG - new topwidget <__main__.Add_tasks object at 0x000002046D1F4160>
2024-11-24 14:27:21,499 - DEBUG - setting property geometry
2024-11-24 14:27:21,499 - DEBUG - push QTimeEdit time_input
2024-11-24 14:27:21,499 - DEBUG - pop widget QTimeEdit time_input
2024-11-24 14:27:21,499 - DEBUG - new topwidget <__main__.Add_tasks object at 0x000002046D1F4160>
2024-11-24 14:27:21,499 - DEBUG - setting property geometry
2024-11-24 14:27:21,499 - DEBUG - setting property text
2024-11-24 14:27:21,499 - DEBUG - push QLabel label
2024-11-24 14:27:21,499 - DEBUG - pop widget QLabel label
2024-11-24 14:27:21,499 - DEBUG - new topwidget <__main__.Add_tasks object at 0x000002046D1F4160>
2024-11-24 14:27:21,499 - DEBUG - setting property geometry
2024-11-24 14:27:21,499 - DEBUG - push QComboBox completed_input
2024-11-24 14:27:21,499 - DEBUG - pop widget QComboBox completed_input
2024-11-24 14:27:21,499 - DEBUG - new topwidget <__main__.Add_tasks object at 0x000002046D1F4160>
2024-11-24 14:27:21,499 - DEBUG - setting property geometry
2024-11-24 14:27:21,499 - DEBUG - push QComboBox prir
2024-11-24 14:27:21,499 - DEBUG - pop widget QComboBox prir
2024-11-24 14:27:21,499 - DEBUG - new topwidget <__main__.Add_tasks object at 0x000002046D1F4160>
2024-11-24 14:27:21,499 - DEBUG - pop widget Add_tasks Form
2024-11-24 14:27:21,499 - DEBUG - new topwidget None
